<?xml version="1.0" encoding="UTF-8"?>
<testsuite xmlns:xsi="http://www.w3.org/2001/XMLSchema-instance" xsi:noNamespaceSchemaLocation="https://maven.apache.org/surefire/maven-surefire-plugin/xsd/surefire-test-report.xsd" name="examples.ExamplesTest" time="1.285" tests="1" errors="1" skipped="0" failures="0">
  <properties>
    <property name="sun.desktop" value="windows"/>
    <property name="awt.toolkit" value="sun.awt.windows.WToolkit"/>
    <property name="file.encoding.pkg" value="sun.io"/>
    <property name="java.specification.version" value="1.8"/>
    <property name="sun.cpu.isalist" value="amd64"/>
    <property name="sun.jnu.encoding" value="Cp1252"/>
    <property name="java.class.path" value="F:\first_git_repo\Karate_api\myproject\target\test-classes;F:\first_git_repo\Karate_api\myproject\target\classes;C:\Users\Naveengowda\.m2\repository\com\intuit\karate\karate-junit5\1.1.0\karate-junit5-1.1.0.jar;C:\Users\Naveengowda\.m2\repository\com\intuit\karate\karate-core\1.1.0\karate-core-1.1.0.jar;C:\Users\Naveengowda\.m2\repository\org\graalvm\js\js-scriptengine\21.2.0\js-scriptengine-21.2.0.jar;C:\Users\Naveengowda\.m2\repository\org\graalvm\sdk\graal-sdk\21.2.0\graal-sdk-21.2.0.jar;C:\Users\Naveengowda\.m2\repository\org\graalvm\js\js\21.2.0\js-21.2.0.jar;C:\Users\Naveengowda\.m2\repository\org\graalvm\regex\regex\21.2.0\regex-21.2.0.jar;C:\Users\Naveengowda\.m2\repository\org\graalvm\truffle\truffle-api\21.2.0\truffle-api-21.2.0.jar;C:\Users\Naveengowda\.m2\repository\com\ibm\icu\icu4j\69.1\icu4j-69.1.jar;C:\Users\Naveengowda\.m2\repository\ch\qos\logback\logback-classic\1.2.3\logback-classic-1.2.3.jar;C:\Users\Naveengowda\.m2\repository\ch\qos\logback\logback-core\1.2.3\logback-core-1.2.3.jar;C:\Users\Naveengowda\.m2\repository\org\slf4j\slf4j-api\1.7.25\slf4j-api-1.7.25.jar;C:\Users\Naveengowda\.m2\repository\org\slf4j\jcl-over-slf4j\1.7.25\jcl-over-slf4j-1.7.25.jar;C:\Users\Naveengowda\.m2\repository\com\jayway\jsonpath\json-path\2.6.0\json-path-2.6.0.jar;C:\Users\Naveengowda\.m2\repository\net\minidev\json-smart\2.4.7\json-smart-2.4.7.jar;C:\Users\Naveengowda\.m2\repository\net\minidev\accessors-smart\2.4.7\accessors-smart-2.4.7.jar;C:\Users\Naveengowda\.m2\repository\org\ow2\asm\asm\9.1\asm-9.1.jar;C:\Users\Naveengowda\.m2\repository\info\cukes\cucumber-java\1.2.5\cucumber-java-1.2.5.jar;C:\Users\Naveengowda\.m2\repository\info\cukes\cucumber-core\1.2.5\cucumber-core-1.2.5.jar;C:\Users\Naveengowda\.m2\repository\org\yaml\snakeyaml\1.29\snakeyaml-1.29.jar;C:\Users\Naveengowda\.m2\repository\de\siegmar\fastcsv\2.0.0\fastcsv-2.0.0.jar;C:\Users\Naveengowda\.m2\repository\info\picocli\picocli\4.6.1\picocli-4.6.1.jar;C:\Users\Naveengowda\.m2\repository\org\junit\jupiter\junit-jupiter-api\5.7.2\junit-jupiter-api-5.7.2.jar;C:\Users\Naveengowda\.m2\repository\org\apiguardian\apiguardian-api\1.1.0\apiguardian-api-1.1.0.jar;C:\Users\Naveengowda\.m2\repository\org\opentest4j\opentest4j\1.2.0\opentest4j-1.2.0.jar;C:\Users\Naveengowda\.m2\repository\org\junit\platform\junit-platform-commons\1.7.2\junit-platform-commons-1.7.2.jar;C:\Users\Naveengowda\.m2\repository\org\junit\jupiter\junit-jupiter-engine\5.7.2\junit-jupiter-engine-5.7.2.jar;C:\Users\Naveengowda\.m2\repository\org\junit\platform\junit-platform-engine\1.7.2\junit-platform-engine-1.7.2.jar;"/>
    <property name="java.vm.vendor" value="Oracle Corporation"/>
    <property name="sun.arch.data.model" value="64"/>
    <property name="user.variant" value=""/>
    <property name="java.vendor.url" value="http://java.oracle.com/"/>
    <property name="user.timezone" value="Asia/Calcutta"/>
    <property name="java.vm.specification.version" value="1.8"/>
    <property name="os.name" value="Windows 10"/>
    <property name="user.country" value="US"/>
    <property name="sun.java.launcher" value="SUN_STANDARD"/>
    <property name="sun.boot.library.path" value="C:\Program Files\Java\jre1.8.0_301\bin"/>
    <property name="sun.java.command" value="C:\Users\NAVEEN~1\AppData\Local\Temp\surefire8981673648471197497\surefirebooter7200146624832838912.jar C:\Users\Naveengowda\AppData\Local\Temp\surefire8981673648471197497 2021-08-12T14-54-57_301-jvmRun1 surefire2174219314094440966tmp surefire_07454617287427878892tmp"/>
    <property name="surefire.test.class.path" value="F:\first_git_repo\Karate_api\myproject\target\test-classes;F:\first_git_repo\Karate_api\myproject\target\classes;C:\Users\Naveengowda\.m2\repository\com\intuit\karate\karate-junit5\1.1.0\karate-junit5-1.1.0.jar;C:\Users\Naveengowda\.m2\repository\com\intuit\karate\karate-core\1.1.0\karate-core-1.1.0.jar;C:\Users\Naveengowda\.m2\repository\org\graalvm\js\js-scriptengine\21.2.0\js-scriptengine-21.2.0.jar;C:\Users\Naveengowda\.m2\repository\org\graalvm\sdk\graal-sdk\21.2.0\graal-sdk-21.2.0.jar;C:\Users\Naveengowda\.m2\repository\org\graalvm\js\js\21.2.0\js-21.2.0.jar;C:\Users\Naveengowda\.m2\repository\org\graalvm\regex\regex\21.2.0\regex-21.2.0.jar;C:\Users\Naveengowda\.m2\repository\org\graalvm\truffle\truffle-api\21.2.0\truffle-api-21.2.0.jar;C:\Users\Naveengowda\.m2\repository\com\ibm\icu\icu4j\69.1\icu4j-69.1.jar;C:\Users\Naveengowda\.m2\repository\ch\qos\logback\logback-classic\1.2.3\logback-classic-1.2.3.jar;C:\Users\Naveengowda\.m2\repository\ch\qos\logback\logback-core\1.2.3\logback-core-1.2.3.jar;C:\Users\Naveengowda\.m2\repository\org\slf4j\slf4j-api\1.7.25\slf4j-api-1.7.25.jar;C:\Users\Naveengowda\.m2\repository\org\slf4j\jcl-over-slf4j\1.7.25\jcl-over-slf4j-1.7.25.jar;C:\Users\Naveengowda\.m2\repository\com\jayway\jsonpath\json-path\2.6.0\json-path-2.6.0.jar;C:\Users\Naveengowda\.m2\repository\net\minidev\json-smart\2.4.7\json-smart-2.4.7.jar;C:\Users\Naveengowda\.m2\repository\net\minidev\accessors-smart\2.4.7\accessors-smart-2.4.7.jar;C:\Users\Naveengowda\.m2\repository\org\ow2\asm\asm\9.1\asm-9.1.jar;C:\Users\Naveengowda\.m2\repository\info\cukes\cucumber-java\1.2.5\cucumber-java-1.2.5.jar;C:\Users\Naveengowda\.m2\repository\info\cukes\cucumber-core\1.2.5\cucumber-core-1.2.5.jar;C:\Users\Naveengowda\.m2\repository\org\yaml\snakeyaml\1.29\snakeyaml-1.29.jar;C:\Users\Naveengowda\.m2\repository\de\siegmar\fastcsv\2.0.0\fastcsv-2.0.0.jar;C:\Users\Naveengowda\.m2\repository\info\picocli\picocli\4.6.1\picocli-4.6.1.jar;C:\Users\Naveengowda\.m2\repository\org\junit\jupiter\junit-jupiter-api\5.7.2\junit-jupiter-api-5.7.2.jar;C:\Users\Naveengowda\.m2\repository\org\apiguardian\apiguardian-api\1.1.0\apiguardian-api-1.1.0.jar;C:\Users\Naveengowda\.m2\repository\org\opentest4j\opentest4j\1.2.0\opentest4j-1.2.0.jar;C:\Users\Naveengowda\.m2\repository\org\junit\platform\junit-platform-commons\1.7.2\junit-platform-commons-1.7.2.jar;C:\Users\Naveengowda\.m2\repository\org\junit\jupiter\junit-jupiter-engine\5.7.2\junit-jupiter-engine-5.7.2.jar;C:\Users\Naveengowda\.m2\repository\org\junit\platform\junit-platform-engine\1.7.2\junit-platform-engine-1.7.2.jar;"/>
    <property name="sun.cpu.endian" value="little"/>
    <property name="user.home" value="C:\Users\Naveengowda"/>
    <property name="user.language" value="en"/>
    <property name="java.specification.vendor" value="Oracle Corporation"/>
    <property name="java.home" value="C:\Program Files\Java\jre1.8.0_301"/>
    <property name="basedir" value="F:\first_git_repo\Karate_api\myproject"/>
    <property name="file.separator" value="\"/>
    <property name="line.separator" value="&#10;"/>
    <property name="java.vm.specification.vendor" value="Oracle Corporation"/>
    <property name="java.specification.name" value="Java Platform API Specification"/>
    <property name="java.awt.graphicsenv" value="sun.awt.Win32GraphicsEnvironment"/>
    <property name="surefire.real.class.path" value="C:\Users\NAVEEN~1\AppData\Local\Temp\surefire8981673648471197497\surefirebooter7200146624832838912.jar"/>
    <property name="sun.boot.class.path" value="C:\Program Files\Java\jre1.8.0_301\lib\resources.jar;C:\Program Files\Java\jre1.8.0_301\lib\rt.jar;C:\Program Files\Java\jre1.8.0_301\lib\sunrsasign.jar;C:\Program Files\Java\jre1.8.0_301\lib\jsse.jar;C:\Program Files\Java\jre1.8.0_301\lib\jce.jar;C:\Program Files\Java\jre1.8.0_301\lib\charsets.jar;C:\Program Files\Java\jre1.8.0_301\lib\jfr.jar;C:\Program Files\Java\jre1.8.0_301\classes"/>
    <property name="user.script" value=""/>
    <property name="sun.management.compiler" value="HotSpot 64-Bit Tiered Compilers"/>
    <property name="java.runtime.version" value="1.8.0_301-b09"/>
    <property name="user.name" value="Naveengowda"/>
    <property name="path.separator" value=";"/>
    <property name="os.version" value="10.0"/>
    <property name="java.endorsed.dirs" value="C:\Program Files\Java\jre1.8.0_301\lib\endorsed"/>
    <property name="java.runtime.name" value="Java(TM) SE Runtime Environment"/>
    <property name="file.encoding" value="UTF-8"/>
    <property name="java.vm.name" value="Java HotSpot(TM) 64-Bit Server VM"/>
    <property name="localRepository" value="C:\Users\Naveengowda\.m2\repository"/>
    <property name="java.vendor.url.bug" value="http://bugreport.sun.com/bugreport/"/>
    <property name="java.io.tmpdir" value="C:\Users\NAVEEN~1\AppData\Local\Temp\"/>
    <property name="java.version" value="1.8.0_301"/>
    <property name="user.dir" value="F:\first_git_repo\Karate_api\myproject"/>
    <property name="os.arch" value="amd64"/>
    <property name="java.vm.specification.name" value="Java Virtual Machine Specification"/>
    <property name="java.awt.printerjob" value="sun.awt.windows.WPrinterJob"/>
    <property name="sun.os.patch.level" value=""/>
    <property name="java.library.path" value="C:\Program Files\Java\jre1.8.0_301\bin;C:\WINDOWS\Sun\Java\bin;C:\WINDOWS\system32;C:\WINDOWS;C:\Program Files\Git\mingw64\bin;C:\Program Files\Git\usr\bin;C:\Users\Naveengowda\bin;C:\Program Files (x86)\Common Files\Intel\Shared Libraries\redist\intel64\compiler;C:\app\Naveengowda\product\11.2.0\dbhome_1\bin;C:\Program Files (x86)\Intel\Intel(R) Management Engine Components\iCLS;C:\Program Files\Intel\Intel(R) Management Engine Components\iCLS;F:\oraclexe\app\oracle\product\11.2.0\server\bin;C:\Program Files (x86)\Common Files\Oracle\Java\javapath;F:\app\oracle\product\11.2.0\server\bin;C:\WINDOWS\system32;C:\WINDOWS;C:\WINDOWS\System32\Wbem;C:\WINDOWS\System32\WindowsPowerShell\v1.0;C:\Users\Naveengowda\AppData\Local\Microsoft\WindowsApps;C:\adb;C:\WINDOWS\system32;C:\WINDOWS;C:\WINDOWS\System32\Wbem;C:\WINDOWS\System32\WindowsPowerShell\v1.0;C:\WINDOWS\System32\OpenSSH;F:\JDK8.0\bin;C:\Program Files (x86)\Intel\Intel(R) Management Engine Components\DAL;C:\Program Files\Intel\Intel(R) Management Engine Components\DAL;%SUBLIME%;C:\Users\Naveengowda\AppData\Roaming\Microsoft\Windows\Start Menu\Programs\Visual Studio Code;C:\Users\Naveengowda\AppData\Roaming\Microsoft\Windows\Start Menu\Programs\Visual Studio Code;C:\Program Files\Visual Studio Code;C:\Program Files\nodejs;C:\Program Files\nodejs;C:\Program Files (x86)\Yarn\bin;C:\Program Files\Git\cmd;C:\Users\Naveengowda\Downloads\apache-maven-3.8.1-bin\apache-maven-3.8.1\bin;C:\Users\Naveengowda\AppData\Local\Programs\Python\Python37-32\Scripts;C:\Users\Naveengowda\AppData\Local\Programs\Python\Python37-32;C:\Modeltech_pe_edu_10.4a\win32pe_edu;C:\Users\Naveengowda\AppData\Local\Programs\Microsoft VS Code\bin;C:\Users\Naveengowda\AppData\Local\atom\bin;%PyCharm Community Edition%;C:\ProgramData\Microsoft\Windows\Start Menu\Program\Sublime Text 3;%SUBLIME%;C:\Program Files\Sublime Text 3;C:\Users\Naveengowda\AppData\Roaming\Microsoft\Windows\Start Menu\Programs\Visual Studio Code;C:\Users\Naveengowda\AppData\Roaming\Microsoft\Windows\Start Menu\Programs\Visual Studio Code;C:\Program Files\Visual Studio Code;C:\Program Files\heroku\bin;C:\Users\Naveengowda\AppData\Local\Microsoft\WindowsApps;C:\Users\Naveengowda\AppData\Roaming\npm;C:\Users\Naveengowda\AppData\Local\Yarn\bin;C:\Users\Naveengowda\AppData\Local\Programs\Python\Python37-32;."/>
    <property name="java.vm.info" value="mixed mode"/>
    <property name="java.vendor" value="Oracle Corporation"/>
    <property name="java.vm.version" value="25.301-b09"/>
    <property name="java.ext.dirs" value="C:\Program Files\Java\jre1.8.0_301\lib\ext;C:\WINDOWS\Sun\Java\lib\ext"/>
    <property name="sun.io.unicode.encoding" value="UnicodeLittle"/>
    <property name="java.class.version" value="52.0"/>
  </properties>
  <testcase name="testParallel" classname="examples.ExamplesTest" time="1.265">
    <error message="mismatched input &apos;d&apos; expecting &lt;EOF&gt;" type="java.lang.RuntimeException"><![CDATA[java.lang.RuntimeException: mismatched input 'd' expecting <EOF>
	at examples.ExamplesTest.testParallel(ExamplesTest.java:14)
]]></error>
    <system-out><![CDATA[14:55:00.570 [main] ERROR com.intuit.karate.core.FeatureParser - not a valid feature file: examples/users/getCall.feature - mismatched input 'd' expecting <EOF>
]]></system-out>
    <system-err><![CDATA[line 27:4 mismatched input 'd' expecting <EOF>
]]></system-err>
  </testcase>
</testsuite>